<?xml version="1.0" encoding="UTF-8"?>
<!-- Generated by org.testng.reporters.JUnitXMLReporter -->
<testsuite hostname="DESKTOP-3DSE8DH" ignored="0" name="Default test" tests="6" failures="0" timestamp="2022-04-06T23:13:31 IST" time="0.232" errors="0">
  <testcase name="Adactin_Runner" time="0.019" classname="com.testNG_Practice.Data_Provider"/>
  <testcase name="Adactin_Runner" time="0.007" classname="com.testNG_Practice.Data_Provider"/>
  <testcase name="Adactin_Runner" time="0.003" classname="com.testNG_Practice.Data_Provider"/>
  <testcase name="automation_runner" time="0.005" classname="com.testNG_Practice.Data_Provider"/>
  <testcase name="automation_runner" time="0.003" classname="com.testNG_Practice.Data_Provider"/>
  <testcase name="automation_runner" time="0.006" classname="com.testNG_Practice.Data_Provider"/>
</testsuite> <!-- Default test -->
